# JRE version: OpenJDK Runtime Environment (7.0_51) (build 1.7.0_51-b00)
# Java VM: OpenJDK 64-Bit Server VM (24.45-b08 mixed mode linux-amd64 compressed oops)
Heap
 PSYoungGen      total 138240K, used 34775K [0x00000000eb600000, 0x00000000f4800000, 0x0000000100000000)
  eden space 130048K, 20% used [0x00000000eb600000,0x00000000ed02df20,0x00000000f3500000)
  from space 8192K, 97% used [0x00000000f3e00000,0x00000000f45c8030,0x00000000f4600000)
  to   space 9216K, 0% used [0x00000000f3500000,0x00000000f3500000,0x00000000f3e00000)
 ParOldGen       total 41984K, used 15629K [0x00000000c2200000, 0x00000000c4b00000, 0x00000000eb600000)
  object space 41984K, 37% used [0x00000000c2200000,0x00000000c3143620,0x00000000c4b00000)
 PSPermGen       total 21504K, used 9273K [0x00000000b7c00000, 0x00000000b9100000, 0x00000000c2200000)
  object space 21504K, 43% used [0x00000000b7c00000,0x00000000b850e4c0,0x00000000b9100000)
GC Heap History (10 events):
Event: 1.900 GC heap before
{Heap before GC invocations=2 (full 0):
 PSYoungGen      total 18944K, used 18928K [0x00000000eb600000, 0x00000000edb00000, 0x0000000100000000)
  eden space 16384K, 100% used [0x00000000eb600000,0x00000000ec600000,0x00000000ec600000)
  from space 2560K, 99% used [0x00000000ec600000,0x00000000ec87c010,0x00000000ec880000)
  to   space 2560K, 0% used [0x00000000ed880000,0x00000000ed880000,0x00000000edb00000)
 ParOldGen       total 41984K, used 3165K [0x00000000c2200000, 0x00000000c4b00000, 0x00000000eb600000)
  object space 41984K, 7% used [0x00000000c2200000,0x00000000c2517608,0x00000000c4b00000)
 PSPermGen       total 21504K, used 8994K [0x00000000b7c00000, 0x00000000b9100000, 0x00000000c2200000)
  object space 21504K, 41% used [0x00000000b7c00000,0x00000000b84c8838,0x00000000b9100000)
Event: 1.911 GC heap after
Heap after GC invocations=2 (full 0):
 PSYoungGen      total 35328K, used 2544K [0x00000000eb600000, 0x00000000edb00000, 0x0000000100000000)
  eden space 32768K, 0% used [0x00000000eb600000,0x00000000eb600000,0x00000000ed600000)
  from space 2560K, 99% used [0x00000000ed880000,0x00000000edafc020,0x00000000edb00000)
  to   space 2560K, 0% used [0x00000000ed600000,0x00000000ed600000,0x00000000ed880000)
 ParOldGen       total 41984K, used 4525K [0x00000000c2200000, 0x00000000c4b00000, 0x00000000eb600000)
  object space 41984K, 10% used [0x00000000c2200000,0x00000000c266b608,0x00000000c4b00000)
 PSPermGen       total 21504K, used 8994K [0x00000000b7c00000, 0x00000000b9100000, 0x00000000c2200000)
  object space 21504K, 41% used [0x00000000b7c00000,0x00000000b84c8838,0x00000000b9100000)
}
Event: 2.162 GC heap before
{Heap before GC invocations=3 (full 0):
 PSYoungGen      total 35328K, used 35312K [0x00000000eb600000, 0x00000000edb00000, 0x0000000100000000)
  eden space 32768K, 100% used [0x00000000eb600000,0x00000000ed600000,0x00000000ed600000)
  from space 2560K, 99% used [0x00000000ed880000,0x00000000edafc020,0x00000000edb00000)
  to   space 2560K, 0% used [0x00000000ed600000,0x00000000ed600000,0x00000000ed880000)
 ParOldGen       total 41984K, used 4525K [0x00000000c2200000, 0x00000000c4b00000, 0x00000000eb600000)
  object space 41984K, 10% used [0x00000000c2200000,0x00000000c266b608,0x00000000c4b00000)
 PSPermGen       total 21504K, used 8999K [0x00000000b7c00000, 0x00000000b9100000, 0x00000000c2200000)
  object space 21504K, 41% used [0x00000000b7c00000,0x00000000b84c9d98,0x00000000b9100000)
Event: 2.171 GC heap after
Heap after GC invocations=3 (full 0):
 PSYoungGen      total 35328K, used 2544K [0x00000000eb600000, 0x00000000efb00000, 0x0000000100000000)
  eden space 32768K, 0% used [0x00000000eb600000,0x00000000eb600000,0x00000000ed600000)
  from space 2560K, 99% used [0x00000000ed600000,0x00000000ed87c020,0x00000000ed880000)
  to   space 2560K, 0% used [0x00000000ef880000,0x00000000ef880000,0x00000000efb00000)
 ParOldGen       total 41984K, used 7301K [0x00000000c2200000, 0x00000000c4b00000, 0x00000000eb600000)
  object space 41984K, 17% used [0x00000000c2200000,0x00000000c2921608,0x00000000c4b00000)
 PSPermGen       total 21504K, used 8999K [0x00000000b7c00000, 0x00000000b9100000, 0x00000000c2200000)
  object space 21504K, 41% used [0x00000000b7c00000,0x00000000b84c9d98,0x00000000b9100000)
}
Event: 2.244 GC heap before
{Heap before GC invocations=4 (full 0):
 PSYoungGen      total 35328K, used 35312K [0x00000000eb600000, 0x00000000efb00000, 0x0000000100000000)
  eden space 32768K, 100% used [0x00000000eb600000,0x00000000ed600000,0x00000000ed600000)
  from space 2560K, 99% used [0x00000000ed600000,0x00000000ed87c020,0x00000000ed880000)
  to   space 2560K, 0% used [0x00000000ef880000,0x00000000ef880000,0x00000000efb00000)
 ParOldGen       total 41984K, used 7301K [0x00000000c2200000, 0x00000000c4b00000, 0x00000000eb600000)
  object space 41984K, 17% used [0x00000000c2200000,0x00000000c2921608,0x00000000c4b00000)
 PSPermGen       total 21504K, used 8999K [0x00000000b7c00000, 0x00000000b9100000, 0x00000000c2200000)
  object space 21504K, 41% used [0x00000000b7c00000,0x00000000b84c9d98,0x00000000b9100000)
Event: 2.255 GC heap after
Heap after GC invocations=4 (full 0):
 PSYoungGen      total 68096K, used 2528K [0x00000000eb600000, 0x00000000efb00000, 0x0000000100000000)
  eden space 65536K, 0% used [0x00000000eb600000,0x00000000eb600000,0x00000000ef600000)
  from space 2560K, 98% used [0x00000000ef880000,0x00000000efaf8030,0x00000000efb00000)
  to   space 2560K, 0% used [0x00000000ef600000,0x00000000ef600000,0x00000000ef880000)
 ParOldGen       total 41984K, used 10125K [0x00000000c2200000, 0x00000000c4b00000, 0x00000000eb600000)
  object space 41984K, 24% used [0x00000000c2200000,0x00000000c2be3608,0x00000000c4b00000)
 PSPermGen       total 21504K, used 8999K [0x00000000b7c00000, 0x00000000b9100000, 0x00000000c2200000)
  object space 21504K, 41% used [0x00000000b7c00000,0x00000000b84c9d98,0x00000000b9100000)
}
Event: 2.366 GC heap before
{Heap before GC invocations=5 (full 0):
 PSYoungGen      total 68096K, used 68064K [0x00000000eb600000, 0x00000000efb00000, 0x0000000100000000)
  eden space 65536K, 100% used [0x00000000eb600000,0x00000000ef600000,0x00000000ef600000)
  from space 2560K, 98% used [0x00000000ef880000,0x00000000efaf8030,0x00000000efb00000)
  to   space 2560K, 0% used [0x00000000ef600000,0x00000000ef600000,0x00000000ef880000)
 ParOldGen       total 41984K, used 10125K [0x00000000c2200000, 0x00000000c4b00000, 0x00000000eb600000)
  object space 41984K, 24% used [0x00000000c2200000,0x00000000c2be3608,0x00000000c4b00000)
 PSPermGen       total 21504K, used 9000K [0x00000000b7c00000, 0x00000000b9100000, 0x00000000c2200000)
  object space 21504K, 41% used [0x00000000b7c00000,0x00000000b84ca278,0x00000000b9100000)
Event: 2.382 GC heap after
Heap after GC invocations=5 (full 0):
 PSYoungGen      total 68096K, used 2544K [0x00000000eb600000, 0x00000000f4600000, 0x0000000100000000)
  eden space 65536K, 0% used [0x00000000eb600000,0x00000000eb600000,0x00000000ef600000)
  from space 2560K, 99% used [0x00000000ef600000,0x00000000ef87c040,0x00000000ef880000)
  to   space 8192K, 0% used [0x00000000f3e00000,0x00000000f3e00000,0x00000000f4600000)
 ParOldGen       total 41984K, used 15621K [0x00000000c2200000, 0x00000000c4b00000, 0x00000000eb600000)
  object space 41984K, 37% used [0x00000000c2200000,0x00000000c3141620,0x00000000c4b00000)
 PSPermGen       total 21504K, used 9000K [0x00000000b7c00000, 0x00000000b9100000, 0x00000000c2200000)
  object space 21504K, 41% used [0x00000000b7c00000,0x00000000b84ca278,0x00000000b9100000)
}
Event: 2.494 GC heap before
{Heap before GC invocations=6 (full 0):
 PSYoungGen      total 68096K, used 68080K [0x00000000eb600000, 0x00000000f4600000, 0x0000000100000000)
  eden space 65536K, 100% used [0x00000000eb600000,0x00000000ef600000,0x00000000ef600000)
  from space 2560K, 99% used [0x00000000ef600000,0x00000000ef87c040,0x00000000ef880000)
  to   space 8192K, 0% used [0x00000000f3e00000,0x00000000f3e00000,0x00000000f4600000)
 ParOldGen       total 41984K, used 15621K [0x00000000c2200000, 0x00000000c4b00000, 0x00000000eb600000)
  object space 41984K, 37% used [0x00000000c2200000,0x00000000c3141620,0x00000000c4b00000)
 PSPermGen       total 21504K, used 9000K [0x00000000b7c00000, 0x00000000b9100000, 0x00000000c2200000)
  object space 21504K, 41% used [0x00000000b7c00000,0x00000000b84ca2b8,0x00000000b9100000)
Event: 2.510 GC heap after
Heap after GC invocations=6 (full 0):
 PSYoungGen      total 138240K, used 7968K [0x00000000eb600000, 0x00000000f4800000, 0x0000000100000000)
  eden space 130048K, 0% used [0x00000000eb600000,0x00000000eb600000,0x00000000f3500000)
  from space 8192K, 97% used [0x00000000f3e00000,0x00000000f45c8030,0x00000000f4600000)
  to   space 9216K, 0% used [0x00000000f3500000,0x00000000f3500000,0x00000000f3e00000)
 ParOldGen       total 41984K, used 15629K [0x00000000c2200000, 0x00000000c4b00000, 0x00000000eb600000)
  object space 41984K, 37% used [0x00000000c2200000,0x00000000c3143620,0x00000000c4b00000)
 PSPermGen       total 21504K, used 9000K [0x00000000b7c00000, 0x00000000b9100000, 0x00000000c2200000)
  object space 21504K, 41% used [0x00000000b7c00000,0x00000000b84ca2b8,0x00000000b9100000)
}

